<?xml version="1.0" encoding="UTF-8"?>
<testng-results ignored="0" total="3" passed="3" failed="0" skipped="0">
  <reporter-output>
  </reporter-output>
  <suite started-at="2024-10-11T19:46:53 IST" name="Suite1" finished-at="2024-10-11T19:47:16 IST" duration-ms="22713">
    <groups>
    </groups>
    <test started-at="2024-10-11T19:46:53 IST" name="smoke" finished-at="2024-10-11T19:47:16 IST" duration-ms="22713">
      <class name="testClasses.TestFile">
        <test-method is-config="true" signature="initilizeDriver()[pri:0, instance:testClasses.TestFile@3a93b025]" started-at="2024-10-11T19:46:53 IST" name="initilizeDriver" finished-at="2024-10-11T19:46:55 IST" duration-ms="1318" status="PASS">
          <reporter-output>
          </reporter-output>
        </test-method> <!-- initilizeDriver -->
        <test-method signature="validateUserIsOnHomePage()[pri:0, instance:testClasses.TestFile@3a93b025]" started-at="2024-10-11T19:46:55 IST" name="validateUserIsOnHomePage" finished-at="2024-10-11T19:47:16 IST" duration-ms="21172" status="PASS">
          <reporter-output>
          </reporter-output>
        </test-method> <!-- validateUserIsOnHomePage -->
        <test-method is-config="true" signature="onTestFailure(org.testng.ITestResult)[pri:0, instance:testClasses.TestFile@3a93b025]" started-at="2024-10-11T19:47:16 IST" name="onTestFailure" finished-at="2024-10-11T19:47:16 IST" duration-ms="4" status="PASS">
          <params>
            <param index="0">
              <value>
                <![CDATA[[TestResult name=validateUserIsOnHomePage status=SUCCESS method=TestFile.validateUserIsOnHomePage()[pri:0, instance:testClasses.TestFile@3a93b025] output={null}]]]>
              </value>
            </param>
          </params>
          <reporter-output>
          </reporter-output>
        </test-method> <!-- onTestFailure -->
        <test-method signature="validatePageHeader()[pri:1, instance:testClasses.TestFile@3a93b025]" started-at="2024-10-11T19:47:16 IST" name="validatePageHeader" finished-at="2024-10-11T19:47:16 IST" duration-ms="58" status="PASS">
          <reporter-output>
          </reporter-output>
        </test-method> <!-- validatePageHeader -->
        <test-method is-config="true" signature="onTestFailure(org.testng.ITestResult)[pri:0, instance:testClasses.TestFile@3a93b025]" started-at="2024-10-11T19:47:16 IST" name="onTestFailure" finished-at="2024-10-11T19:47:16 IST" duration-ms="1" status="PASS">
          <params>
            <param index="0">
              <value>
                <![CDATA[[TestResult name=validatePageHeader status=SUCCESS method=TestFile.validatePageHeader()[pri:1, instance:testClasses.TestFile@3a93b025] output={null}]]]>
              </value>
            </param>
          </params>
          <reporter-output>
          </reporter-output>
        </test-method> <!-- onTestFailure -->
        <test-method signature="validatePageURL()[pri:3, instance:testClasses.TestFile@3a93b025]" started-at="2024-10-11T19:47:16 IST" name="validatePageURL" finished-at="2024-10-11T19:47:16 IST" duration-ms="10" status="PASS">
          <reporter-output>
          </reporter-output>
        </test-method> <!-- validatePageURL -->
        <test-method is-config="true" signature="onTestFailure(org.testng.ITestResult)[pri:0, instance:testClasses.TestFile@3a93b025]" started-at="2024-10-11T19:47:16 IST" name="onTestFailure" finished-at="2024-10-11T19:47:16 IST" duration-ms="1" status="PASS">
          <params>
            <param index="0">
              <value>
                <![CDATA[[TestResult name=validatePageURL status=SUCCESS method=TestFile.validatePageURL()[pri:3, instance:testClasses.TestFile@3a93b025] output={null}]]]>
              </value>
            </param>
          </params>
          <reporter-output>
          </reporter-output>
        </test-method> <!-- onTestFailure -->
        <test-method is-config="true" signature="closeBrowser()[pri:0, instance:testClasses.TestFile@3a93b025]" started-at="2024-10-11T19:47:16 IST" name="closeBrowser" finished-at="2024-10-11T19:47:16 IST" duration-ms="101" status="PASS">
          <reporter-output>
          </reporter-output>
        </test-method> <!-- closeBrowser -->
      </class> <!-- testClasses.TestFile -->
    </test> <!-- smoke -->
  </suite> <!-- Suite1 -->
</testng-results>
