<?xml version="1.0" encoding="UTF-8"?>
<!-- Generated by org.testng.reporters.JUnitXMLReporter -->
<testsuite ignored="0" hostname="VikasBurkulMachine" failures="0" tests="3" name="smoke" time="22.713" errors="0" timestamp="2024-10-11T19:47:16 IST">
  <testcase classname="testClasses.TestFile" name="validateUserIsOnHomePage" time="21.172"/>
  <testcase classname="testClasses.TestFile" name="validatePageHeader" time="0.058"/>
  <testcase classname="testClasses.TestFile" name="validatePageURL" time="0.01"/>
</testsuite> <!-- smoke -->
